<?xml version="1.0" encoding="UTF-8"?>
<!-- Generated by org.testng.reporters.JUnitXMLReporter -->
<testsuite ignored="0" hostname="NDA-DL-MKHAN" failures="1" tests="2" name="Test" time="97.547" errors="0" timestamp="29 Jul 2021 01:34:46 GMT">
  <testcase classname="tests.FlightSearchTest" name="searchFlight" time="17.337"/>
  <testcase classname="tests.HotelSearchTest" name="searchHotel" time="15.498">
    <failure type="java.lang.AssertionError" message="expected [true] but found [false]">
      <![CDATA[java.lang.AssertionError: expected [true] but found [false]
at tests.HotelSearchTest.searchHotel(HotelSearchTest.java:39)
... Removed 29 stack frames]]>
    </failure>
  </testcase> <!-- searchHotel -->
</testsuite> <!-- Test -->
