<?xml version="1.0" encoding="UTF-8"?>
<!-- Generated by org.testng.reporters.JUnitXMLReporter -->
<testsuite hostname="NDA-DL-MKHAN" ignored="0" name="Firefox Test" tests="2" failures="1" timestamp="29 Jul 2021 02:29:02 GMT" time="108.608" errors="0">
  <testcase name="searchFlight" time="23.968" classname="tests.FlightSearchTest"/>
  <testcase name="searchHotel" time="17.624" classname="tests.HotelSearchTest">
    <failure type="java.lang.AssertionError" message="expected [true] but found [false]">
      <![CDATA[java.lang.AssertionError: expected [true] but found [false]
at tests.HotelSearchTest.searchHotel(HotelSearchTest.java:39)
at java.util.concurrent.FutureTask.run(FutureTask.java:266)
at java.util.concurrent.ThreadPoolExecutor.runWorker(ThreadPoolExecutor.java:1149)
at java.util.concurrent.ThreadPoolExecutor$Worker.run(ThreadPoolExecutor.java:624)
at java.lang.Thread.run(Thread.java:748)
... Removed 20 stack frames]]>
    </failure>
  </testcase> <!-- searchHotel -->
</testsuite> <!-- Firefox Test -->
