<?xml version="1.0" encoding="UTF-8"?>
<testsuite xmlns:xsi="http://www.w3.org/2001/XMLSchema-instance" xsi:noNamespaceSchemaLocation="https://maven.apache.org/surefire/maven-surefire-plugin/xsd/surefire-test-report-3.0.xsd" version="3.0" name="TestSuite" time="113.798" tests="4" errors="0" skipped="0" failures="2">
  <properties>
[...]
</properties>
  <testcase name="searchFlight[Delhi, Hyderabad, Aug 20, 2021, Aug 26, 2021](1)" classname="tests.FlightSearchTest" time="16.401">
    <system-out><![CDATA[[TestNGContentHandler] [WARN] It is strongly recommended to add "<!DOCTYPE suite SYSTEM "http://testng.org/testng-1.0.dtd" >" at the top of your file, otherwise TestNG may fail or not work as expected.
Num of rows in sheet test data: 2
Num of cols in sheet test data: 4
Num of rows in sheet test data: 2
Num of cols in sheet test data: 4
]]></system-out>
    <system-err><![CDATA[SLF4J: Failed to load class "org.slf4j.impl.StaticLoggerBinder".
SLF4J: Defaulting to no-operation (NOP) logger implementation
SLF4J: See http://www.slf4j.org/codes.html#StaticLoggerBinder for further details.
Starting ChromeDriver 92.0.4515.43 (8c61b7e2989f2990d42f859cac71319137787cce-refs/branch-heads/4515@{#306}) on port 11728
Only local connections are allowed.
Please see https://chromedriver.chromium.org/security-considerations for suggestion1s6 2o7n 52ke5e6p3i6n8g6 8C	hmroozmreuDnrnievre:r: rsaufnen.er	INFO	
Running command: "C:\\Program Files\\Mozilla Firefox\\firefox.exe" "-marionette" "-foreground" "-no-remote" "-profile" "C:\\Users\\MAROOF~1.KHA\\AppData\\Local\\Temp\\rust_mozprofileWojn8x"
ChromeDriver was started successfully.
Jul 29, 2021 7:57:20 AM org.openqa.selenium.remote.ProtocolHandshake createSession
INFO: Detected dialect: W3C
JavaScript error: resource://gre/modules/XULStore.jsm, line 66: Error: Can't find profile directory.
1627525644945	Marionette	INFO	Listening on port 60237
1627525645302	Marionette	WARN	TLS certificate errors will be ignored for this session
Jul 29, 2021 7:57:25 AM org.openqa.selenium.remote.ProtocolHandshake createSession
INFO: Detected dialect: W3C
JavaScript warning: https://cdn.glassboxcdn.com/expedia/detector-dom.min.js, line 63: asm.js type error: cannot create array view without an asm.js heap parameter
JavaScript warning: https://cdn.glassboxcdn.com/expedia/detector-dom.min.js, line 63: asm.js type error: cannot create array view without an asm.js heap parameter
1627525671264	Marionette	WARN	TimedPromise timed out after 500 ms: stacktrace:
TimedPromise/<@chrome://marionette/content/sync.js:245:13
TimedPromise@chrome://marionette/content/sync.js:230:10
interaction.flushEventLoop@chrome://marionette/content/interaction.js:416:10
webdriverClickElement@chrome://marionette/content/interaction.js:182:31
]]></system-err>
  </testcase>
  <testcase name="searchFlight[Delhi, Hyderabad, Aug 20, 2021, Aug 26, 2021](1)" classname="tests.FlightSearchTest" time="23.876">
    <system-err><![CDATA[Starting ChromeDriver 92.0.4515.43 (8c61b7e2989f2990d42f859cac71319137787cce-refs/branch-heads/4515@{#306}) on port 7249
Only local connections are allowed.
Please see https://chromedriver.chromium.org/security-considerations for suggestions on keeping ChromeDriver safe.
ChromeDriver was started successfully.
Jul 29, 2021 7:58:07 AM org.openqa.selenium.remote.ProtocolHandshake createSession
INFO: Detected dialect: W3C
]]></system-err>
  </testcase>
  <testcase name="searchHotel[Hyderabad, Aug 19, 2021, Aug 25, 2021, Hotel Search Results1](1)" classname="tests.HotelSearchTest" time="6.136">
    <failure message="expected [true] but found [false]" type="java.lang.AssertionError"><![CDATA[java.lang.AssertionError: expected [true] but found [false]
	at tests.HotelSearchTest.searchHotel(HotelSearchTest.java:39)
]]></failure>
    <system-out><![CDATA[Num of rows in sheet test data: 2
Num of cols in sheet test data: 4
Num of rows in sheet test data: 2
Num of cols in sheet test data: 4
]]></system-out>
    <system-err><![CDATA[1627525689023	Marionette	INFO	Stopped listening on port 60237
IPDL protocol error: Handler returned error code!

###!!! [Parent][DispatchAsyncMessage] Error: PLayerTransaction::Msg_ReleaseLayer Processing error: message was deserialized, but the handler returned false (indicating failure)

IPDL protocol error: Handler returned error code!

###!!! [Parent][DispatchAsyncMessage] Error: PLayerTransaction::Msg_ReleaseLayer Processing error: message was deserialized, but the handler returned false (indicating failure)

JavaScript error: https://tags.tiqcdn.com/utag/expedia/pwa-bex/prod/utag.396.js?utv=ut4.42.202103230452, line 6: ReferenceError: UET is not defined

###!!! [Child][RunMessage] Error: Channel closing: too late to send/recv, messages will be lost


###!!! [Child][RunMessage] Error: Channel closing: too late to send/recv, messages will be lost


###!!! [Child][MessageChannel::SendAndWait] Error: Channel error: cannot send/recv

JavaScript error: resource://gre/modules/osfile/osfile_async_front.jsm, line 426: Error: OS.File has been shut down. Rejecting post to stat
[Parent 23432, Gecko_IOThread] WARNING: pipe error: 232: file /builds/worker/checkouts/gecko/ipc/chromium/src/chrome/common/ipc_channel_win.cc, line 522
1627525698588	mozrunner::runner	INFO	Running command: "C:\\Program Files\\Mozilla Firefox\\firefox.exe" "-marionette" "-foreground" "-no-remote" "-profile" "C:\\Users\\MAROOF~1.KHA\\AppData\\Local\\Temp\\rust_mozprofileboDYf8"
JavaScript error: resource://gre/modules/XULStore.jsm, line 66: Error: Can't find profile directory.
1627525706760	Marionette	INFO	Listening on port 61133
1627525706942	Marionette	WARN	TLS certificate errors will be ignored for this session
Jul 29, 2021 7:58:27 AM org.openqa.selenium.remote.ProtocolHandshake createSession
INFO: Detected dialect: W3C
JavaScript warning: https://cdn.glassboxcdn.com/expedia/detector-dom.min.js, line 63: asm.js type error: cannot create array view without an asm.js heap parameter
]]></system-err>
  </testcase>
  <testcase name="searchHotel[Hyderabad, Aug 19, 2021, Aug 25, 2021, Hotel Search Results1](1)" classname="tests.HotelSearchTest" time="17.523">
    <failure message="expected [true] but found [false]" type="java.lang.AssertionError"><![CDATA[java.lang.AssertionError: expected [true] but found [false]
	at tests.HotelSearchTest.searchHotel(HotelSearchTest.java:39)
]]></failure>
    <system-out><![CDATA[Screenshot_Thu_Jul_29_07_58_46_IST_2021.jpg
]]></system-out>
    <system-err><![CDATA[JavaScript warning: https://cdn.glassboxcdn.com/expedia/detector-dom.min.js, line 63: asm.js type error: cannot create array view without an asm.js heap parameter
]]></system-err>
  </testcase>
</testsuite>